e:\cours\jin\c++\lool\bullet\bullet\debug\vcpkg.applocal.log
e:\cours\jin\c++\lool\bullet\bullet\debug\bullet.pdb
e:\cours\jin\c++\lool\bullet\bullet\debug\bullet.idb
e:\cours\jin\c++\lool\bullet\bullet\debug\monmain.obj
e:\cours\jin\c++\lool\bullet\bullet\debug\body.obj
e:\cours\jin\c++\lool\bullet\bullet\debug\player.obj
e:\cours\jin\c++\lool\bullet\bullet\debug\pattern.obj
e:\cours\jin\c++\lool\bullet\bullet\debug\mycontactlistenner.obj
e:\cours\jin\c++\lool\bullet\bullet\debug\gamemanager.obj
e:\cours\jin\c++\lool\bullet\bullet\debug\ennemy.obj
e:\cours\jin\c++\lool\bullet\bullet\debug\character.obj
e:\cours\jin\c++\lool\bullet\bullet\debug\bullet.obj
e:\cours\jin\c++\lool\bullet\bullet\debug\bullet.pch
e:\cours\jin\c++\lool\bullet\bullet\debug\stdafx.sbr
e:\cours\jin\c++\lool\bullet\bullet\debug\stdafx.obj
e:\cours\jin\c++\lool\bullet\bullet\debug\abstractspawner.sbr
e:\cours\jin\c++\lool\bullet\bullet\debug\axialsymmetry.sbr
e:\cours\jin\c++\lool\bullet\bullet\debug\body.sbr
e:\cours\jin\c++\lool\bullet\bullet\debug\bullet.sbr
e:\cours\jin\c++\lool\bullet\bullet\debug\character.sbr
e:\cours\jin\c++\lool\bullet\bullet\debug\command.sbr
e:\cours\jin\c++\lool\bullet\bullet\debug\ennemy.sbr
e:\cours\jin\c++\lool\bullet\bullet\debug\gamemanager.sbr
e:\cours\jin\c++\lool\bullet\bullet\debug\mycontactlistenner.sbr
e:\cours\jin\c++\lool\bullet\bullet\debug\pattern.sbr
e:\cours\jin\c++\lool\bullet\bullet\debug\player.sbr
e:\cours\jin\c++\lool\bullet\bullet\debug\reflection.sbr
e:\cours\jin\c++\lool\bullet\bullet\debug\repeatrotation.sbr
e:\cours\jin\c++\lool\bullet\bullet\debug\repeatrotation.obj
e:\cours\jin\c++\lool\bullet\bullet\debug\reflection.obj
e:\cours\jin\c++\lool\bullet\bullet\debug\abstractspawner.obj
e:\cours\jin\c++\lool\bullet\bullet\debug\axialsymmetry.obj
e:\cours\jin\c++\lool\bullet\bullet\debug\command.obj
e:\cours\jin\c++\lool\bullet\bullet\debug\monmain.sbr
e:\cours\jin\c++\lool\bullet\debug\bullet.lib
e:\cours\jin\c++\lool\bullet\bullet\debug\pattern.obj.enc
e:\cours\jin\c++\lool\bullet\debug\bullet.pdb
e:\cours\jin\c++\lool\bullet\debug\bullet.bsc
e:\cours\jin\c++\lool\bullet\bullet\debug\bullet.tlog\bscmake.command.1.tlog
e:\cours\jin\c++\lool\bullet\bullet\debug\bullet.tlog\bscmake.read.1.tlog
e:\cours\jin\c++\lool\bullet\bullet\debug\bullet.tlog\bullet.write.1u.tlog
e:\cours\jin\c++\lool\bullet\bullet\debug\bullet.tlog\cl.command.1.tlog
e:\cours\jin\c++\lool\bullet\bullet\debug\bullet.tlog\cl.read.1.tlog
e:\cours\jin\c++\lool\bullet\bullet\debug\bullet.tlog\cl.write.1.tlog
e:\cours\jin\c++\lool\bullet\bullet\debug\bullet.tlog\lib-link.read.1.tlog
e:\cours\jin\c++\lool\bullet\bullet\debug\bullet.tlog\lib-link.write.1.tlog
e:\cours\jin\c++\lool\bullet\bullet\debug\bullet.tlog\lib.command.1.tlog
